2022-12-07 18:18:01.980  INFO 16896 --- [main] org.datagear.web.DataGearApplication     : Starting DataGearApplication using Java 1.8.0_341 on Vent-Code with PID 16896 (D:\Vento\Projects\Temp\datagear-4.2.0\datagear-4.2.0.jar started by Vento in D:\Vento\Projects\Temp\datagear-4.2.0)
2022-12-07 18:18:01.988  INFO 16896 --- [main] org.datagear.web.DataGearApplication     : No active profile set, falling back to 1 default profile: "default"
2022-12-07 18:18:05.579  INFO 16896 --- [main] o.s.b.w.embedded.tomcat.TomcatWebServer  : Tomcat initialized with port(s): 50401 (http)
2022-12-07 18:18:05.594  INFO 16896 --- [main] o.apache.catalina.core.StandardService   : Starting service [Tomcat]
2022-12-07 18:18:05.594  INFO 16896 --- [main] org.apache.catalina.core.StandardEngine  : Starting Servlet engine: [Apache Tomcat/9.0.60]
2022-12-07 18:18:05.748  INFO 16896 --- [main] o.a.c.c.C.[Tomcat].[localhost].[/]       : Initializing Spring embedded WebApplicationContext
2022-12-07 18:18:05.749  INFO 16896 --- [main] w.s.c.ServletWebServerApplicationContext : Root WebApplicationContext: initialization completed in 3644 ms
2022-12-07 18:18:07.678  INFO 16896 --- [main] o.d.m.util.dialect.MbSqlDialectBuilder   : Build DerbyMbSqlDialect [identifierQuote=", supportsPaging=true, pagingSqlHead=, pagingSqlFoot= OFFSET 0 ROWS FETCH NEXT 10 ROWS ONLY, funcNameMax=MAX] for current environment
2022-12-07 18:18:07.747  INFO 16896 --- [main] o.s.aop.framework.CglibAopProxy          : Unable to proxy interface-implementing method [public final void org.springframework.dao.support.DaoSupport.afterPropertiesSet() throws java.lang.IllegalArgumentException,org.springframework.beans.factory.BeanInitializationException] because it is marked as final: Consider using interface-based JDK proxies instead!
2022-12-07 18:18:07.789  INFO 16896 --- [main] o.s.aop.framework.CglibAopProxy          : Unable to proxy interface-implementing method [public final void org.springframework.dao.support.DaoSupport.afterPropertiesSet() throws java.lang.IllegalArgumentException,org.springframework.beans.factory.BeanInitializationException] because it is marked as final: Consider using interface-based JDK proxies instead!
2022-12-07 18:18:07.822  INFO 16896 --- [main] o.s.aop.framework.CglibAopProxy          : Unable to proxy interface-implementing method [public final void org.springframework.dao.support.DaoSupport.afterPropertiesSet() throws java.lang.IllegalArgumentException,org.springframework.beans.factory.BeanInitializationException] because it is marked as final: Consider using interface-based JDK proxies instead!
2022-12-07 18:18:07.839  INFO 16896 --- [main] o.s.aop.framework.CglibAopProxy          : Unable to proxy interface-implementing method [public final void org.springframework.dao.support.DaoSupport.afterPropertiesSet() throws java.lang.IllegalArgumentException,org.springframework.beans.factory.BeanInitializationException] because it is marked as final: Consider using interface-based JDK proxies instead!
2022-12-07 18:18:07.852  INFO 16896 --- [main] o.s.aop.framework.CglibAopProxy          : Unable to proxy interface-implementing method [public final void org.springframework.dao.support.DaoSupport.afterPropertiesSet() throws java.lang.IllegalArgumentException,org.springframework.beans.factory.BeanInitializationException] because it is marked as final: Consider using interface-based JDK proxies instead!
2022-12-07 18:18:07.931  INFO 16896 --- [main] o.s.aop.framework.CglibAopProxy          : Unable to proxy interface-implementing method [public final void org.springframework.dao.support.DaoSupport.afterPropertiesSet() throws java.lang.IllegalArgumentException,org.springframework.beans.factory.BeanInitializationException] because it is marked as final: Consider using interface-based JDK proxies instead!
2022-12-07 18:18:07.981  INFO 16896 --- [main] o.s.aop.framework.CglibAopProxy          : Unable to proxy interface-implementing method [public final void org.springframework.dao.support.DaoSupport.afterPropertiesSet() throws java.lang.IllegalArgumentException,org.springframework.beans.factory.BeanInitializationException] because it is marked as final: Consider using interface-based JDK proxies instead!
2022-12-07 18:18:07.997  INFO 16896 --- [main] o.s.aop.framework.CglibAopProxy          : Unable to proxy interface-implementing method [public final void org.springframework.dao.support.DaoSupport.afterPropertiesSet() throws java.lang.IllegalArgumentException,org.springframework.beans.factory.BeanInitializationException] because it is marked as final: Consider using interface-based JDK proxies instead!
2022-12-07 18:18:08.507  INFO 16896 --- [main] o.s.aop.framework.CglibAopProxy          : Unable to proxy interface-implementing method [public final void org.springframework.dao.support.DaoSupport.afterPropertiesSet() throws java.lang.IllegalArgumentException,org.springframework.beans.factory.BeanInitializationException] because it is marked as final: Consider using interface-based JDK proxies instead!
2022-12-07 18:18:08.523  INFO 16896 --- [main] o.s.aop.framework.CglibAopProxy          : Unable to proxy interface-implementing method [public final void org.springframework.dao.support.DaoSupport.afterPropertiesSet() throws java.lang.IllegalArgumentException,org.springframework.beans.factory.BeanInitializationException] because it is marked as final: Consider using interface-based JDK proxies instead!
2022-12-07 18:18:08.593  INFO 16896 --- [main] o.s.aop.framework.CglibAopProxy          : Unable to proxy interface-implementing method [public final void org.springframework.dao.support.DaoSupport.afterPropertiesSet() throws java.lang.IllegalArgumentException,org.springframework.beans.factory.BeanInitializationException] because it is marked as final: Consider using interface-based JDK proxies instead!
2022-12-07 18:18:08.717  INFO 16896 --- [main] o.s.aop.framework.CglibAopProxy          : Unable to proxy interface-implementing method [public final void org.springframework.dao.support.DaoSupport.afterPropertiesSet() throws java.lang.IllegalArgumentException,org.springframework.beans.factory.BeanInitializationException] because it is marked as final: Consider using interface-based JDK proxies instead!
2022-12-07 18:18:09.044  INFO 16896 --- [main] o.d.m.dbversion.DbVersionManager         : Start upgrade database version from [4.2.0] to the latest
2022-12-07 18:18:09.044  INFO 16896 --- [main] o.d.m.dbversion.DbVersionManager         : No upgrade sqls for verion [4.2.0], it is already the latest
2022-12-07 18:18:09.044  INFO 16896 --- [main] o.d.m.dbversion.DbVersionManager         : Finish upgrade database version from [4.2.0] to the latest verion [4.2.0]
2022-12-07 18:18:09.046  INFO 16896 --- [main] .d.w.u.XmlDriverEntityManagerInitializer : start init XmlDriverEntityManager
2022-12-07 18:18:09.147  INFO 16896 --- [main] .d.w.u.XmlDriverEntityManagerInitializer : init DriverEntity [id=jdbcmysql8d0jre8, driverClassName=com.mysql.cj.jdbc.Driver, displayName=mysql-connector-java-8.0.23, displayDesc=null, jreVersion=8, databaseName=MySQL, databaseVersions=[8.0, 5.7, 5.6]]
2022-12-07 18:18:09.147  INFO 16896 --- [main] .d.w.u.XmlDriverEntityManagerInitializer : init DriverEntity [id=jdbcoracle21d1jre8, driverClassName=oracle.jdbc.OracleDriver, displayName=ojdbc8-21.1.0.0, displayDesc=null, jreVersion=8, databaseName=Oracle, databaseVersions=[19.x, 18.3, 12.2, 12.1, 11.2]]
2022-12-07 18:18:09.147  INFO 16896 --- [main] .d.w.u.XmlDriverEntityManagerInitializer : init DriverEntity [id=jdbcpostgresql42d2jre8, driverClassName=org.postgresql.Driver, displayName=postgresql-42.2.19, displayDesc=null, jreVersion=8, databaseName=PostgreSQL, databaseVersions=[8.2+]]
2022-12-07 18:18:09.147  INFO 16896 --- [main] .d.w.u.XmlDriverEntityManagerInitializer : init DriverEntity [id=jdbcsqlserver9d2jre8, driverClassName=com.microsoft.sqlserver.jdbc.SQLServerDriver, displayName=mssql-jdbc-9.2.1.jre8, displayDesc=null, jreVersion=8, databaseName=SQL Server, databaseVersions=[2019, 2017, 2016, 2014, 2012]]
2022-12-07 18:18:09.148  INFO 16896 --- [main] .d.w.u.XmlDriverEntityManagerInitializer : finish init XmlDriverEntityManager
2022-12-07 18:18:09.149  INFO 16896 --- [main] rectoryHtmlChartPluginManagerInitializer : Start init DirectoryHtmlChartPluginManager
2022-12-07 18:18:09.461  INFO 16896 --- [main] rectoryHtmlChartPluginManagerInitializer : No built-in chart plugin need reload
2022-12-07 18:18:09.461  INFO 16896 --- [main] rectoryHtmlChartPluginManagerInitializer : Finish init DirectoryHtmlChartPluginManager
2022-12-07 18:18:10.215  INFO 16896 --- [main] org.quartz.impl.StdSchedulerFactory      : Using default implementation for ThreadExecutor
2022-12-07 18:18:10.250  INFO 16896 --- [main] org.quartz.core.SchedulerSignalerImpl    : Initialized Scheduler Signaller of type: class org.quartz.core.SchedulerSignalerImpl
2022-12-07 18:18:10.250  INFO 16896 --- [main] org.quartz.core.QuartzScheduler          : Quartz Scheduler v.2.3.2 created.
2022-12-07 18:18:10.251  INFO 16896 --- [main] org.quartz.simpl.RAMJobStore             : RAMJobStore initialized.
2022-12-07 18:18:10.252  INFO 16896 --- [main] org.quartz.core.QuartzScheduler          : Scheduler meta-data: Quartz Scheduler (v2.3.2) 'quartzScheduler' with instanceId 'NON_CLUSTERED'
  Scheduler class: 'org.quartz.core.QuartzScheduler' - running locally.
  NOT STARTED.
  Currently in standby mode.
  Number of jobs executed: 0
  Using thread pool 'org.quartz.simpl.SimpleThreadPool' - with 10 threads.
  Using job-store 'org.quartz.simpl.RAMJobStore' - which does not support persistence. and is not clustered.

2022-12-07 18:18:10.252  INFO 16896 --- [main] org.quartz.impl.StdSchedulerFactory      : Quartz scheduler 'quartzScheduler' initialized from an externally provided properties instance.
2022-12-07 18:18:10.252  INFO 16896 --- [main] org.quartz.impl.StdSchedulerFactory      : Quartz scheduler version: 2.3.2
2022-12-07 18:18:10.252  INFO 16896 --- [main] org.quartz.core.QuartzScheduler          : JobFactory set to: org.springframework.scheduling.quartz.SpringBeanJobFactory@7c098bb3
2022-12-07 18:18:10.525  WARN 16896 --- [main] o.s.s.c.a.web.builders.WebSecurity       : You are asking Spring Security to ignore Ant [pattern='/static/**']. This is not recommended -- please use permitAll via HttpSecurity#authorizeHttpRequests instead.
2022-12-07 18:18:10.526  INFO 16896 --- [main] o.s.s.web.DefaultSecurityFilterChain     : Will secure Ant [pattern='/static/**'] with []
2022-12-07 18:18:10.583  INFO 16896 --- [main] o.s.s.web.DefaultSecurityFilterChain     : Will not secure any request
2022-12-07 18:18:10.655  INFO 16896 --- [main] o.s.b.w.embedded.tomcat.TomcatWebServer  : Tomcat started on port(s): 50401 (http) with context path ''
2022-12-07 18:18:10.657  INFO 16896 --- [main] o.s.s.quartz.SchedulerFactoryBean        : Starting Quartz Scheduler now
2022-12-07 18:18:10.657  INFO 16896 --- [main] org.quartz.core.QuartzScheduler          : Scheduler quartzScheduler_$_NON_CLUSTERED started.
2022-12-07 18:18:10.761  INFO 16896 --- [main] org.datagear.web.DataGearApplication     : Started DataGearApplication in 9.417 seconds (JVM running for 10.05)
2022-12-07 18:18:16.345  INFO 16896 --- [http-nio-50401-exec-1] o.a.c.c.C.[Tomcat].[localhost].[/]       : Initializing Spring DispatcherServlet 'dispatcherServlet'
2022-12-07 18:18:16.346  INFO 16896 --- [http-nio-50401-exec-1] o.s.web.servlet.DispatcherServlet        : Initializing Servlet 'dispatcherServlet'
2022-12-07 18:18:16.347  INFO 16896 --- [http-nio-50401-exec-1] o.s.web.servlet.DispatcherServlet        : Completed initialization in 1 ms
2022-12-07 19:29:40.057  INFO 16896 --- [SpringApplicationShutdownHook] org.quartz.core.QuartzScheduler          : Scheduler quartzScheduler_$_NON_CLUSTERED paused.
2022-12-07 19:29:40.326  INFO 16896 --- [SpringApplicationShutdownHook] o.s.s.quartz.SchedulerFactoryBean        : Shutting down Quartz Scheduler
2022-12-07 19:29:40.326  INFO 16896 --- [SpringApplicationShutdownHook] org.quartz.core.QuartzScheduler          : Scheduler quartzScheduler_$_NON_CLUSTERED shutting down.
2022-12-07 19:29:40.326  INFO 16896 --- [SpringApplicationShutdownHook] org.quartz.core.QuartzScheduler          : Scheduler quartzScheduler_$_NON_CLUSTERED paused.
2022-12-07 19:29:40.327  INFO 16896 --- [SpringApplicationShutdownHook] org.quartz.core.QuartzScheduler          : Scheduler quartzScheduler_$_NON_CLUSTERED shutdown complete.
